<?xml version="1.0" encoding="UTF-8"?>
<testsuite xmlns:xsi="http://www.w3.org/2001/XMLSchema-instance" xsi:noNamespaceSchemaLocation="https://maven.apache.org/surefire/maven-surefire-plugin/xsd/surefire-test-report.xsd" name="HashTableTest" time="0.099" tests="12" errors="0" skipped="0" failures="0">
  <properties>
[...]
</properties>
  <testcase name="get" classname="HashTableTest" time="0.014"/>
  <testcase name="put{String, String}[1]" classname="HashTableTest" time="0.022"/>
  <testcase name="put{String, String}[2]" classname="HashTableTest" time="0.001"/>
  <testcase name="put{String, String}[3]" classname="HashTableTest" time="0.001"/>
  <testcase name="drop{String, String}[1]" classname="HashTableTest" time="0.001"/>
  <testcase name="drop{String, String}[2]" classname="HashTableTest" time="0.001"/>
  <testcase name="drop{String, String}[3]" classname="HashTableTest" time="0.001"/>
  <testcase name="size" classname="HashTableTest" time="0"/>
  <testcase name="count{int}[1]" classname="HashTableTest" time="0.001"/>
  <testcase name="count{int}[2]" classname="HashTableTest" time="0"/>
  <testcase name="count{int}[3]" classname="HashTableTest" time="0.001"/>
  <testcase name="count{int}[4]" classname="HashTableTest" time="0.001"/>
</testsuite>